# JRE version: OpenJDK Runtime Environment (11.0.2+9) (build 11.0.2+9)
# Java VM: OpenJDK 64-Bit Server VM (11.0.2+9, mixed mode, tiered, compressed oops, g1 gc, bsd-amd64)
Heap:
 garbage-first heap   total 315392K, used 75753K [0x0000000700000000, 0x0000000800000000)
  region size 1024K, 25 young (25600K), 3 survivors (3072K)
 Metaspace       used 60687K, capacity 61392K, committed 62336K, reserved 1103872K
  class space    used 6697K, capacity 6995K, committed 7040K, reserved 1048576K
GC Heap History (10 events):
Event: 1.542 GC heap before
{Heap before GC invocations=4 (full 0):
 garbage-first heap   total 262144K, used 33273K [0x0000000700000000, 0x0000000800000000)
  region size 1024K, 15 young (15360K), 8 survivors (8192K)
 Metaspace       used 33747K, capacity 34216K, committed 34688K, reserved 1079296K
  class space    used 4213K, capacity 4443K, committed 4480K, reserved 1048576K
}
Event: 1.547 GC heap after
{Heap after GC invocations=5 (full 0):
 garbage-first heap   total 262144K, used 27869K [0x0000000700000000, 0x0000000800000000)
  region size 1024K, 2 young (2048K), 2 survivors (2048K)
 Metaspace       used 33747K, capacity 34216K, committed 34688K, reserved 1079296K
  class space    used 4213K, capacity 4443K, committed 4480K, reserved 1048576K
}
Event: 1.602 GC heap before
{Heap before GC invocations=5 (full 0):
 garbage-first heap   total 262144K, used 31965K [0x0000000700000000, 0x0000000800000000)
  region size 1024K, 7 young (7168K), 2 survivors (2048K)
 Metaspace       used 34906K, capacity 35336K, committed 35840K, reserved 1081344K
  class space    used 4326K, capacity 4539K, committed 4608K, reserved 1048576K
}
Event: 1.604 GC heap after
{Heap after GC invocations=6 (full 0):
 garbage-first heap   total 315392K, used 27624K [0x0000000700000000, 0x0000000800000000)
  region size 1024K, 1 young (1024K), 1 survivors (1024K)
 Metaspace       used 34906K, capacity 35336K, committed 35840K, reserved 1081344K
  class space    used 4326K, capacity 4539K, committed 4608K, reserved 1048576K
}
Event: 2.498 GC heap before
{Heap before GC invocations=7 (full 0):
 garbage-first heap   total 315392K, used 120808K [0x0000000700000000, 0x0000000800000000)
  region size 1024K, 90 young (92160K), 1 survivors (1024K)
 Metaspace       used 50311K, capacity 50831K, committed 51840K, reserved 1095680K
  class space    used 5890K, capacity 6155K, committed 6272K, reserved 1048576K
}
Event: 2.502 GC heap after
{Heap after GC invocations=8 (full 0):
 garbage-first heap   total 315392K, used 37393K [0x0000000700000000, 0x0000000800000000)
  region size 1024K, 11 young (11264K), 11 survivors (11264K)
 Metaspace       used 50311K, capacity 50831K, committed 51840K, reserved 1095680K
  class space    used 5890K, capacity 6155K, committed 6272K, reserved 1048576K
}
Event: 3.879 GC heap before
{Heap before GC invocations=8 (full 0):
 garbage-first heap   total 315392K, used 158225K [0x0000000700000000, 0x0000000800000000)
  region size 1024K, 128 young (131072K), 11 survivors (11264K)
 Metaspace       used 57925K, capacity 58585K, committed 59520K, reserved 1101824K
  class space    used 6480K, capacity 6745K, committed 6784K, reserved 1048576K
}
Event: 3.894 GC heap after
{Heap after GC invocations=9 (full 0):
 garbage-first heap   total 315392K, used 51375K [0x0000000700000000, 0x0000000800000000)
  region size 1024K, 14 young (14336K), 14 survivors (14336K)
 Metaspace       used 57925K, capacity 58585K, committed 59520K, reserved 1101824K
  class space    used 6480K, capacity 6745K, committed 6784K, reserved 1048576K
}
Event: 4.047 GC heap before
{Heap before GC invocations=9 (full 0):
 garbage-first heap   total 315392K, used 60591K [0x0000000700000000, 0x0000000800000000)
  region size 1024K, 24 young (24576K), 14 survivors (14336K)
 Metaspace       used 58656K, capacity 59252K, committed 60160K, reserved 1101824K
  class space    used 6546K, capacity 6798K, committed 6912K, reserved 1048576K
}
Event: 4.061 GC heap after
{Heap after GC invocations=10 (full 0):
 garbage-first heap   total 315392K, used 54249K [0x0000000700000000, 0x0000000800000000)
  region size 1024K, 3 young (3072K), 3 survivors (3072K)
 Metaspace       used 58656K, capacity 59252K, committed 60160K, reserved 1101824K
  class space    used 6546K, capacity 6798K, committed 6912K, reserved 1048576K
}

